{"C:\\Users\\jitde\\OneDrive\\Desktop\\emotion-recognition-model\\backend\\src\\app.ts": {"path":"C:\\Users\\jitde\\OneDrive\\Desktop\\emotion-recognition-model\\backend\\src\\app.ts","statementMap":{"0":{"start":{"line":1,"column":0},"end":{"line":1,"column":23}},"1":{"start":{"line":2,"column":0},"end":{"line":2,"column":30}},"2":{"start":{"line":3,"column":0},"end":{"line":3,"column":24}},"3":{"start":{"line":4,"column":0},"end":{"line":4,"column":44}},"4":{"start":{"line":5,"column":0},"end":{"line":5,"column":48}},"5":{"start":{"line":6,"column":0},"end":{"line":6,"column":63}},"6":{"start":{"line":7,"column":0},"end":{"line":7,"column":61}},"7":{"start":{"line":9,"column":13},"end":{"line":9,"column":29}},"8":{"start":{"line":11,"column":0},"end":{"line":11,"column":24}},"9":{"start":{"line":12,"column":0},"end":{"line":12,"column":16}},"10":{"start":{"line":13,"column":0},"end":{"line":13,"column":23}},"11":{"start":{"line":14,"column":0},"end":{"line":14,"column":21}},"12":{"start":{"line":15,"column":0},"end":{"line":15,"column":29}},"13":{"start":{"line":16,"column":0},"end":{"line":16,"column":22}}},"fnMap":{},"branchMap":{},"s":{"0":1,"1":1,"2":1,"3":1,"4":1,"5":1,"6":1,"7":1,"8":1,"9":1,"10":1,"11":1,"12":1,"13":1},"f":{},"b":{}}
,"C:\\Users\\jitde\\OneDrive\\Desktop\\emotion-recognition-model\\backend\\src\\config\\queue.ts": {"path":"C:\\Users\\jitde\\OneDrive\\Desktop\\emotion-recognition-model\\backend\\src\\config\\queue.ts","statementMap":{"0":{"start":{"line":1,"column":0},"end":{"line":1,"column":25}},"1":{"start":{"line":3,"column":19},"end":{"line":3,"column":56}},"2":{"start":{"line":4,"column":19},"end":{"line":4,"column":61}},"3":{"start":{"line":6,"column":13},"end":{"line":11,"column":3}}},"fnMap":{},"branchMap":{"0":{"loc":{"start":{"line":3,"column":19},"end":{"line":3,"column":56}},"type":"binary-expr","locations":[{"start":{"line":3,"column":19},"end":{"line":3,"column":41}},{"start":{"line":3,"column":45},"end":{"line":3,"column":56}}]},"1":{"loc":{"start":{"line":4,"column":28},"end":{"line":4,"column":60}},"type":"binary-expr","locations":[{"start":{"line":4,"column":28},"end":{"line":4,"column":50}},{"start":{"line":4,"column":54},"end":{"line":4,"column":60}}]}},"s":{"0":3,"1":3,"2":3,"3":3},"f":{},"b":{"0":[3,3],"1":[3,3]}}
,"C:\\Users\\jitde\\OneDrive\\Desktop\\emotion-recognition-model\\backend\\src\\controllers\\auth.controller.ts": {"path":"C:\\Users\\jitde\\OneDrive\\Desktop\\emotion-recognition-model\\backend\\src\\controllers\\auth.controller.ts","statementMap":{"0":{"start":{"line":2,"column":0},"end":{"line":2,"column":48}},"1":{"start":{"line":3,"column":0},"end":{"line":3,"column":50}},"2":{"start":{"line":6,"column":21},"end":{"line":21,"column":1}},"3":{"start":{"line":7,"column":2},"end":{"line":20,"column":3}},"4":{"start":{"line":8,"column":33},"end":{"line":8,"column":41}},"5":{"start":{"line":10,"column":4},"end":{"line":13,"column":5}},"6":{"start":{"line":11,"column":6},"end":{"line":11,"column":74}},"7":{"start":{"line":12,"column":6},"end":{"line":12,"column":13}},"8":{"start":{"line":15,"column":18},"end":{"line":15,"column":53}},"9":{"start":{"line":17,"column":4},"end":{"line":17,"column":36}},"10":{"start":{"line":19,"column":4},"end":{"line":19,"column":52}},"11":{"start":{"line":6,"column":13},"end":{"line":6,"column":21}},"12":{"start":{"line":23,"column":30},"end":{"line":51,"column":1}},"13":{"start":{"line":24,"column":2},"end":{"line":50,"column":3}},"14":{"start":{"line":25,"column":41},"end":{"line":25,"column":49}},"15":{"start":{"line":27,"column":4},"end":{"line":30,"column":5}},"16":{"start":{"line":28,"column":6},"end":{"line":28,"column":82}},"17":{"start":{"line":29,"column":6},"end":{"line":29,"column":13}},"18":{"start":{"line":32,"column":4},"end":{"line":35,"column":5}},"19":{"start":{"line":33,"column":6},"end":{"line":33,"column":54}},"20":{"start":{"line":34,"column":6},"end":{"line":34,"column":13}},"21":{"start":{"line":37,"column":16},"end":{"line":42,"column":6}},"22":{"start":{"line":44,"column":4},"end":{"line":47,"column":7}},"23":{"start":{"line":49,"column":4},"end":{"line":49,"column":63}},"24":{"start":{"line":23,"column":13},"end":{"line":23,"column":30}}},"fnMap":{"0":{"name":"(anonymous_0)","decl":{"start":{"line":6,"column":21},"end":{"line":6,"column":26}},"loc":{"start":{"line":6,"column":74},"end":{"line":21,"column":1}}},"1":{"name":"(anonymous_1)","decl":{"start":{"line":23,"column":30},"end":{"line":23,"column":35}},"loc":{"start":{"line":23,"column":87},"end":{"line":51,"column":1}}}},"branchMap":{"0":{"loc":{"start":{"line":10,"column":4},"end":{"line":13,"column":5}},"type":"if","locations":[{"start":{"line":10,"column":4},"end":{"line":13,"column":5}},{"start":{},"end":{}}]},"1":{"loc":{"start":{"line":10,"column":8},"end":{"line":10,"column":28}},"type":"binary-expr","locations":[{"start":{"line":10,"column":8},"end":{"line":10,"column":15}},{"start":{"line":10,"column":19},"end":{"line":10,"column":28}}]},"2":{"loc":{"start":{"line":27,"column":4},"end":{"line":30,"column":5}},"type":"if","locations":[{"start":{"line":27,"column":4},"end":{"line":30,"column":5}},{"start":{},"end":{}}]},"3":{"loc":{"start":{"line":27,"column":8},"end":{"line":27,"column":36}},"type":"binary-expr","locations":[{"start":{"line":27,"column":8},"end":{"line":27,"column":22}},{"start":{"line":27,"column":26},"end":{"line":27,"column":36}}]},"4":{"loc":{"start":{"line":32,"column":4},"end":{"line":35,"column":5}},"type":"if","locations":[{"start":{"line":32,"column":4},"end":{"line":35,"column":5}},{"start":{},"end":{}}]}},"s":{"0":2,"1":2,"2":2,"3":10,"4":10,"5":10,"6":6,"7":6,"8":4,"9":3,"10":1,"11":2,"12":2,"13":12,"14":12,"15":12,"16":4,"17":4,"18":8,"19":1,"20":1,"21":7,"22":6,"23":1,"24":2},"f":{"0":10,"1":12},"b":{"0":[6,4],"1":[10,6],"2":[4,8],"3":[12,10],"4":[1,7]}}
,"C:\\Users\\jitde\\OneDrive\\Desktop\\emotion-recognition-model\\backend\\src\\controllers\\health.controller.ts": {"path":"C:\\Users\\jitde\\OneDrive\\Desktop\\emotion-recognition-model\\backend\\src\\controllers\\health.controller.ts","statementMap":{"0":{"start":{"line":4,"column":0},"end":{"line":4,"column":16}},"1":{"start":{"line":2,"column":0},"end":{"line":2,"column":64}},"2":{"start":{"line":5,"column":17},"end":{"line":5,"column":34}},"3":{"start":{"line":6,"column":2},"end":{"line":6,"column":19}}},"fnMap":{"0":{"name":"getHealth","decl":{"start":{"line":4,"column":16},"end":{"line":4,"column":25}},"loc":{"start":{"line":4,"column":54},"end":{"line":7,"column":1}}}},"branchMap":{},"s":{"0":1,"1":1,"2":0,"3":0},"f":{"0":0},"b":{}}
,"C:\\Users\\jitde\\OneDrive\\Desktop\\emotion-recognition-model\\backend\\src\\middlewares\\auth.middleware.ts": {"path":"C:\\Users\\jitde\\OneDrive\\Desktop\\emotion-recognition-model\\backend\\src\\middlewares\\auth.middleware.ts","statementMap":{"0":{"start":{"line":2,"column":0},"end":{"line":2,"column":58}},"1":{"start":{"line":8,"column":30},"end":{"line":28,"column":1}},"2":{"start":{"line":13,"column":2},"end":{"line":27,"column":3}},"3":{"start":{"line":14,"column":23},"end":{"line":14,"column":48}},"4":{"start":{"line":16,"column":4},"end":{"line":19,"column":5}},"5":{"start":{"line":17,"column":6},"end":{"line":17,"column":59}},"6":{"start":{"line":18,"column":6},"end":{"line":18,"column":13}},"7":{"start":{"line":21,"column":18},"end":{"line":21,"column":41}},"8":{"start":{"line":22,"column":20},"end":{"line":22,"column":38}},"9":{"start":{"line":23,"column":4},"end":{"line":23,"column":23}},"10":{"start":{"line":24,"column":4},"end":{"line":24,"column":11}},"11":{"start":{"line":26,"column":4},"end":{"line":26,"column":64}},"12":{"start":{"line":8,"column":13},"end":{"line":8,"column":30}}},"fnMap":{"0":{"name":"(anonymous_0)","decl":{"start":{"line":8,"column":30},"end":{"line":8,"column":null}},"loc":{"start":{"line":12,"column":10},"end":{"line":28,"column":1}}}},"branchMap":{"0":{"loc":{"start":{"line":16,"column":4},"end":{"line":19,"column":5}},"type":"if","locations":[{"start":{"line":16,"column":4},"end":{"line":19,"column":5}},{"start":{},"end":{}}]},"1":{"loc":{"start":{"line":16,"column":8},"end":{"line":16,"column":56}},"type":"binary-expr","locations":[{"start":{"line":16,"column":8},"end":{"line":16,"column":19}},{"start":{"line":16,"column":23},"end":{"line":16,"column":56}}]}},"s":{"0":2,"1":2,"2":16,"3":16,"4":16,"5":3,"6":3,"7":13,"8":13,"9":8,"10":8,"11":5,"12":2},"f":{"0":16},"b":{"0":[3,13],"1":[16,14]}}
,"C:\\Users\\jitde\\OneDrive\\Desktop\\emotion-recognition-model\\backend\\src\\middlewares\\errorHandler.ts": {"path":"C:\\Users\\jitde\\OneDrive\\Desktop\\emotion-recognition-model\\backend\\src\\middlewares\\errorHandler.ts","statementMap":{"0":{"start":{"line":5,"column":0},"end":{"line":5,"column":16}},"1":{"start":{"line":2,"column":0},"end":{"line":2,"column":50}},"2":{"start":{"line":6,"column":2},"end":{"line":8,"column":3}},"3":{"start":{"line":7,"column":4},"end":{"line":7,"column":63}},"4":{"start":{"line":9,"column":2},"end":{"line":9,"column":66}}},"fnMap":{"0":{"name":"errorHandler","decl":{"start":{"line":5,"column":16},"end":{"line":5,"column":28}},"loc":{"start":{"line":5,"column":92},"end":{"line":10,"column":1}}}},"branchMap":{"0":{"loc":{"start":{"line":6,"column":2},"end":{"line":8,"column":3}},"type":"if","locations":[{"start":{"line":6,"column":2},"end":{"line":8,"column":3}},{"start":{},"end":{}}]}},"s":{"0":1,"1":1,"2":0,"3":0,"4":0},"f":{"0":0},"b":{"0":[0,0]}}
,"C:\\Users\\jitde\\OneDrive\\Desktop\\emotion-recognition-model\\backend\\src\\middlewares\\requestLogger.ts": {"path":"C:\\Users\\jitde\\OneDrive\\Desktop\\emotion-recognition-model\\backend\\src\\middlewares\\requestLogger.ts","statementMap":{"0":{"start":{"line":3,"column":0},"end":{"line":3,"column":16}},"1":{"start":{"line":5,"column":2},"end":{"line":5,"column":43}},"2":{"start":{"line":6,"column":2},"end":{"line":6,"column":9}}},"fnMap":{"0":{"name":"requestLogger","decl":{"start":{"line":3,"column":16},"end":{"line":3,"column":29}},"loc":{"start":{"line":3,"column":78},"end":{"line":7,"column":1}}}},"branchMap":{},"s":{"0":1,"1":13,"2":13},"f":{"0":13},"b":{}}
,"C:\\Users\\jitde\\OneDrive\\Desktop\\emotion-recognition-model\\backend\\src\\routes\\auth.route.ts": {"path":"C:\\Users\\jitde\\OneDrive\\Desktop\\emotion-recognition-model\\backend\\src\\routes\\auth.route.ts","statementMap":{"0":{"start":{"line":1,"column":0},"end":{"line":1,"column":33}},"1":{"start":{"line":2,"column":0},"end":{"line":2,"column":74}},"2":{"start":{"line":3,"column":0},"end":{"line":3,"column":67}},"3":{"start":{"line":5,"column":15},"end":{"line":5,"column":23}},"4":{"start":{"line":7,"column":0},"end":{"line":7,"column":29}},"5":{"start":{"line":8,"column":0},"end":{"line":8,"column":56}},"6":{"start":{"line":10,"column":0},"end":{"line":10,"column":22}}},"fnMap":{},"branchMap":{},"s":{"0":1,"1":1,"2":1,"3":1,"4":1,"5":1,"6":1},"f":{},"b":{}}
,"C:\\Users\\jitde\\OneDrive\\Desktop\\emotion-recognition-model\\backend\\src\\routes\\health.route.ts": {"path":"C:\\Users\\jitde\\OneDrive\\Desktop\\emotion-recognition-model\\backend\\src\\routes\\health.route.ts","statementMap":{"0":{"start":{"line":1,"column":0},"end":{"line":1,"column":33}},"1":{"start":{"line":2,"column":0},"end":{"line":2,"column":64}},"2":{"start":{"line":4,"column":15},"end":{"line":4,"column":23}},"3":{"start":{"line":6,"column":0},"end":{"line":6,"column":27}},"4":{"start":{"line":8,"column":0},"end":{"line":8,"column":22}}},"fnMap":{},"branchMap":{},"s":{"0":1,"1":1,"2":1,"3":1,"4":1},"f":{},"b":{}}
,"C:\\Users\\jitde\\OneDrive\\Desktop\\emotion-recognition-model\\backend\\src\\routes\\home.route.ts": {"path":"C:\\Users\\jitde\\OneDrive\\Desktop\\emotion-recognition-model\\backend\\src\\routes\\home.route.ts","statementMap":{"0":{"start":{"line":1,"column":0},"end":{"line":1,"column":33}},"1":{"start":{"line":2,"column":0},"end":{"line":2,"column":45}},"2":{"start":{"line":4,"column":15},"end":{"line":4,"column":23}},"3":{"start":{"line":6,"column":0},"end":{"line":6,"column":36}},"4":{"start":{"line":7,"column":0},"end":{"line":7,"column":65}},"5":{"start":{"line":7,"column":31},"end":{"line":7,"column":63}},"6":{"start":{"line":9,"column":0},"end":{"line":9,"column":22}}},"fnMap":{"0":{"name":"(anonymous_1)","decl":{"start":{"line":7,"column":16},"end":{"line":7,"column":17}},"loc":{"start":{"line":7,"column":31},"end":{"line":7,"column":63}}}},"branchMap":{},"s":{"0":1,"1":1,"2":1,"3":1,"4":1,"5":0,"6":1},"f":{"0":0},"b":{}}
,"C:\\Users\\jitde\\OneDrive\\Desktop\\emotion-recognition-model\\backend\\src\\services\\health.service.ts": {"path":"C:\\Users\\jitde\\OneDrive\\Desktop\\emotion-recognition-model\\backend\\src\\services\\health.service.ts","statementMap":{"0":{"start":{"line":1,"column":0},"end":{"line":1,"column":16}},"1":{"start":{"line":2,"column":2},"end":{"line":6,"column":4}}},"fnMap":{"0":{"name":"getHealthStatus","decl":{"start":{"line":1,"column":16},"end":{"line":1,"column":31}},"loc":{"start":{"line":1,"column":31},"end":{"line":7,"column":1}}}},"branchMap":{},"s":{"0":1,"1":0},"f":{"0":0},"b":{}}
,"C:\\Users\\jitde\\OneDrive\\Desktop\\emotion-recognition-model\\backend\\src\\services\\queue.processor.ts": {"path":"C:\\Users\\jitde\\OneDrive\\Desktop\\emotion-recognition-model\\backend\\src\\services\\queue.processor.ts","statementMap":{"0":{"start":{"line":1,"column":0},"end":{"line":1,"column":62}},"1":{"start":{"line":2,"column":0},"end":{"line":2,"column":45}},"2":{"start":{"line":3,"column":0},"end":{"line":3,"column":26}},"3":{"start":{"line":5,"column":33},"end":{"line":22,"column":1}},"4":{"start":{"line":6,"column":57},"end":{"line":6,"column":79}},"5":{"start":{"line":8,"column":2},"end":{"line":21,"column":3}},"6":{"start":{"line":9,"column":26},"end":{"line":9,"column":48}},"7":{"start":{"line":11,"column":4},"end":{"line":15,"column":7}},"8":{"start":{"line":17,"column":4},"end":{"line":17,"column":56}},"9":{"start":{"line":19,"column":4},"end":{"line":19,"column":50}},"10":{"start":{"line":20,"column":4},"end":{"line":20,"column":16}},"11":{"start":{"line":5,"column":13},"end":{"line":5,"column":33}},"12":{"start":{"line":24,"column":40},"end":{"line":36,"column":1}},"13":{"start":{"line":25,"column":2},"end":{"line":27,"column":5}},"14":{"start":{"line":26,"column":4},"end":{"line":26,"column":33}},"15":{"start":{"line":29,"column":2},"end":{"line":31,"column":5}},"16":{"start":{"line":30,"column":4},"end":{"line":30,"column":43}},"17":{"start":{"line":33,"column":2},"end":{"line":35,"column":5}},"18":{"start":{"line":34,"column":4},"end":{"line":34,"column":67}},"19":{"start":{"line":24,"column":13},"end":{"line":24,"column":40}}},"fnMap":{"0":{"name":"(anonymous_1)","decl":{"start":{"line":5,"column":33},"end":{"line":5,"column":38}},"loc":{"start":{"line":5,"column":67},"end":{"line":22,"column":1}}},"1":{"name":"(anonymous_2)","decl":{"start":{"line":24,"column":40},"end":{"line":24,"column":49}},"loc":{"start":{"line":24,"column":51},"end":{"line":36,"column":1}}},"2":{"name":"(anonymous_3)","decl":{"start":{"line":25,"column":23},"end":{"line":25,"column":28}},"loc":{"start":{"line":25,"column":37},"end":{"line":27,"column":3}}},"3":{"name":"(anonymous_4)","decl":{"start":{"line":29,"column":31},"end":{"line":29,"column":32}},"loc":{"start":{"line":29,"column":39},"end":{"line":31,"column":3}}},"4":{"name":"(anonymous_5)","decl":{"start":{"line":33,"column":28},"end":{"line":33,"column":29}},"loc":{"start":{"line":33,"column":41},"end":{"line":35,"column":3}}}},"branchMap":{},"s":{"0":1,"1":1,"2":1,"3":1,"4":8,"5":8,"6":8,"7":7,"8":5,"9":3,"10":3,"11":1,"12":1,"13":0,"14":0,"15":0,"16":0,"17":0,"18":0,"19":1},"f":{"0":8,"1":0,"2":0,"3":0,"4":0},"b":{}}
,"C:\\Users\\jitde\\OneDrive\\Desktop\\emotion-recognition-model\\backend\\src\\utils\\crypto.ts": {"path":"C:\\Users\\jitde\\OneDrive\\Desktop\\emotion-recognition-model\\backend\\src\\utils\\crypto.ts","statementMap":{"0":{"start":{"line":1,"column":0},"end":{"line":1,"column":28}},"1":{"start":{"line":3,"column":18},"end":{"line":3,"column":31}},"2":{"start":{"line":4,"column":23},"end":{"line":4,"column":91}},"3":{"start":{"line":5,"column":18},"end":{"line":5,"column":20}},"4":{"start":{"line":7,"column":23},"end":{"line":14,"column":1}},"5":{"start":{"line":8,"column":13},"end":{"line":8,"column":42}},"6":{"start":{"line":9,"column":14},"end":{"line":9,"column":61}},"7":{"start":{"line":10,"column":17},"end":{"line":10,"column":58}},"8":{"start":{"line":11,"column":18},"end":{"line":11,"column":52}},"9":{"start":{"line":12,"column":2},"end":{"line":12,"column":35}},"10":{"start":{"line":13,"column":2},"end":{"line":13,"column":46}},"11":{"start":{"line":7,"column":13},"end":{"line":7,"column":23}},"12":{"start":{"line":16,"column":23},"end":{"line":25,"column":1}},"13":{"start":{"line":17,"column":16},"end":{"line":17,"column":31}},"14":{"start":{"line":18,"column":13},"end":{"line":18,"column":41}},"15":{"start":{"line":19,"column":24},"end":{"line":19,"column":32}},"16":{"start":{"line":20,"column":14},"end":{"line":20,"column":61}},"17":{"start":{"line":21,"column":19},"end":{"line":21,"column":62}},"18":{"start":{"line":22,"column":18},"end":{"line":22,"column":63}},"19":{"start":{"line":23,"column":2},"end":{"line":23,"column":38}},"20":{"start":{"line":24,"column":2},"end":{"line":24,"column":19}},"21":{"start":{"line":16,"column":13},"end":{"line":16,"column":23}}},"fnMap":{"0":{"name":"(anonymous_1)","decl":{"start":{"line":7,"column":23},"end":{"line":7,"column":24}},"loc":{"start":{"line":7,"column":48},"end":{"line":14,"column":1}}},"1":{"name":"(anonymous_2)","decl":{"start":{"line":16,"column":23},"end":{"line":16,"column":24}},"loc":{"start":{"line":16,"column":48},"end":{"line":25,"column":1}}}},"branchMap":{"0":{"loc":{"start":{"line":4,"column":23},"end":{"line":4,"column":91}},"type":"binary-expr","locations":[{"start":{"line":4,"column":23},"end":{"line":4,"column":49}},{"start":{"line":4,"column":53},"end":{"line":4,"column":91}}]}},"s":{"0":3,"1":3,"2":3,"3":3,"4":3,"5":14,"6":14,"7":14,"8":14,"9":14,"10":14,"11":3,"12":3,"13":9,"14":9,"15":9,"16":9,"17":9,"18":8,"19":8,"20":7,"21":3},"f":{"0":14,"1":9},"b":{"0":[3,3]}}
,"C:\\Users\\jitde\\OneDrive\\Desktop\\emotion-recognition-model\\backend\\src\\utils\\httpError.ts": {"path":"C:\\Users\\jitde\\OneDrive\\Desktop\\emotion-recognition-model\\backend\\src\\utils\\httpError.ts","statementMap":{"0":{"start":{"line":5,"column":4},"end":{"line":5,"column":19}},"1":{"start":{"line":6,"column":4},"end":{"line":6,"column":25}},"2":{"start":{"line":1,"column":0},"end":{"line":1,"column":13}}},"fnMap":{"0":{"name":"(anonymous_0)","decl":{"start":{"line":4,"column":2},"end":{"line":4,"column":14}},"loc":{"start":{"line":4,"column":45},"end":{"line":7,"column":3}}}},"branchMap":{},"s":{"0":0,"1":0,"2":1},"f":{"0":0},"b":{}}
,"C:\\Users\\jitde\\OneDrive\\Desktop\\emotion-recognition-model\\backend\\src\\utils\\jwt.ts": {"path":"C:\\Users\\jitde\\OneDrive\\Desktop\\emotion-recognition-model\\backend\\src\\utils\\jwt.ts","statementMap":{"0":{"start":{"line":1,"column":0},"end":{"line":1,"column":31}},"1":{"start":{"line":3,"column":19},"end":{"line":3,"column":83}},"2":{"start":{"line":4,"column":23},"end":{"line":4,"column":58}},"3":{"start":{"line":11,"column":29},"end":{"line":13,"column":1}},"4":{"start":{"line":12,"column":2},"end":{"line":12,"column":89}},"5":{"start":{"line":11,"column":13},"end":{"line":11,"column":29}},"6":{"start":{"line":15,"column":27},"end":{"line":17,"column":1}},"7":{"start":{"line":16,"column":2},"end":{"line":16,"column":53}},"8":{"start":{"line":15,"column":13},"end":{"line":15,"column":27}}},"fnMap":{"0":{"name":"(anonymous_1)","decl":{"start":{"line":11,"column":29},"end":{"line":11,"column":30}},"loc":{"start":{"line":11,"column":61},"end":{"line":13,"column":1}}},"1":{"name":"(anonymous_2)","decl":{"start":{"line":15,"column":27},"end":{"line":15,"column":28}},"loc":{"start":{"line":15,"column":57},"end":{"line":17,"column":1}}}},"branchMap":{"0":{"loc":{"start":{"line":3,"column":19},"end":{"line":3,"column":83}},"type":"binary-expr","locations":[{"start":{"line":3,"column":19},"end":{"line":3,"column":41}},{"start":{"line":3,"column":45},"end":{"line":3,"column":83}}]},"1":{"loc":{"start":{"line":4,"column":23},"end":{"line":4,"column":58}},"type":"binary-expr","locations":[{"start":{"line":4,"column":23},"end":{"line":4,"column":49}},{"start":{"line":4,"column":53},"end":{"line":4,"column":58}}]}},"s":{"0":4,"1":4,"2":4,"3":4,"4":16,"5":4,"6":4,"7":19,"8":4},"f":{"0":16,"1":19},"b":{"0":[4,4],"1":[4,4]}}
}
