TN:
SF:src\app.ts
FNF:0
FNH:0
DA:1,1
DA:2,1
DA:3,1
DA:4,1
DA:5,1
DA:6,1
DA:7,1
DA:9,1
DA:11,1
DA:12,1
DA:13,1
DA:14,1
DA:15,1
DA:16,1
LF:14
LH:14
BRF:0
BRH:0
end_of_record
TN:
SF:src\config\queue.ts
FNF:0
FNH:0
DA:1,3
DA:3,3
DA:4,3
DA:6,3
LF:4
LH:4
BRDA:3,0,0,3
BRDA:3,0,1,3
BRDA:4,1,0,3
BRDA:4,1,1,3
BRF:4
BRH:4
end_of_record
TN:
SF:src\controllers\auth.controller.ts
FN:6,(anonymous_0)
FN:23,(anonymous_1)
FNF:2
FNH:2
FNDA:10,(anonymous_0)
FNDA:12,(anonymous_1)
DA:2,2
DA:3,2
DA:6,2
DA:7,10
DA:8,10
DA:10,10
DA:11,6
DA:12,6
DA:15,4
DA:17,3
DA:19,1
DA:23,2
DA:24,12
DA:25,12
DA:27,12
DA:28,4
DA:29,4
DA:32,8
DA:33,1
DA:34,1
DA:37,7
DA:44,6
DA:49,1
LF:23
LH:23
BRDA:10,0,0,6
BRDA:10,0,1,4
BRDA:10,1,0,10
BRDA:10,1,1,6
BRDA:27,2,0,4
BRDA:27,2,1,8
BRDA:27,3,0,12
BRDA:27,3,1,10
BRDA:32,4,0,1
BRDA:32,4,1,7
BRF:10
BRH:10
end_of_record
TN:
SF:src\controllers\health.controller.ts
FN:4,getHealth
FNF:1
FNH:0
FNDA:0,getHealth
DA:2,1
DA:4,1
DA:5,0
DA:6,0
LF:4
LH:2
BRF:0
BRH:0
end_of_record
TN:
SF:src\middlewares\auth.middleware.ts
FN:8,(anonymous_0)
FNF:1
FNH:1
FNDA:16,(anonymous_0)
DA:2,2
DA:8,2
DA:13,16
DA:14,16
DA:16,16
DA:17,3
DA:18,3
DA:21,13
DA:22,13
DA:23,8
DA:24,8
DA:26,5
LF:12
LH:12
BRDA:16,0,0,3
BRDA:16,0,1,13
BRDA:16,1,0,16
BRDA:16,1,1,14
BRF:4
BRH:4
end_of_record
TN:
SF:src\middlewares\errorHandler.ts
FN:5,errorHandler
FNF:1
FNH:0
FNDA:0,errorHandler
DA:2,1
DA:5,1
DA:6,0
DA:7,0
DA:9,0
LF:5
LH:2
BRDA:6,0,0,0
BRDA:6,0,1,0
BRF:2
BRH:0
end_of_record
TN:
SF:src\middlewares\requestLogger.ts
FN:3,requestLogger
FNF:1
FNH:1
FNDA:13,requestLogger
DA:3,1
DA:5,13
DA:6,13
LF:3
LH:3
BRF:0
BRH:0
end_of_record
TN:
SF:src\routes\auth.route.ts
FNF:0
FNH:0
DA:1,1
DA:2,1
DA:3,1
DA:5,1
DA:7,1
DA:8,1
DA:10,1
LF:7
LH:7
BRF:0
BRH:0
end_of_record
TN:
SF:src\routes\health.route.ts
FNF:0
FNH:0
DA:1,1
DA:2,1
DA:4,1
DA:6,1
DA:8,1
LF:5
LH:5
BRF:0
BRH:0
end_of_record
TN:
SF:src\routes\home.route.ts
FN:7,(anonymous_1)
FNF:1
FNH:0
FNDA:0,(anonymous_1)
DA:1,1
DA:2,1
DA:4,1
DA:6,1
DA:7,1
DA:9,1
LF:6
LH:6
BRF:0
BRH:0
end_of_record
TN:
SF:src\services\health.service.ts
FN:1,getHealthStatus
FNF:1
FNH:0
FNDA:0,getHealthStatus
DA:1,1
DA:2,0
LF:2
LH:1
BRF:0
BRH:0
end_of_record
TN:
SF:src\services\queue.processor.ts
FN:5,(anonymous_1)
FN:24,(anonymous_2)
FN:25,(anonymous_3)
FN:29,(anonymous_4)
FN:33,(anonymous_5)
FNF:5
FNH:1
FNDA:8,(anonymous_1)
FNDA:0,(anonymous_2)
FNDA:0,(anonymous_3)
FNDA:0,(anonymous_4)
FNDA:0,(anonymous_5)
DA:1,1
DA:2,1
DA:3,1
DA:5,1
DA:6,8
DA:8,8
DA:9,8
DA:11,7
DA:17,5
DA:19,3
DA:20,3
DA:24,1
DA:25,0
DA:26,0
DA:29,0
DA:30,0
DA:33,0
DA:34,0
LF:18
LH:12
BRF:0
BRH:0
end_of_record
TN:
SF:src\utils\crypto.ts
FN:7,(anonymous_1)
FN:16,(anonymous_2)
FNF:2
FNH:2
FNDA:14,(anonymous_1)
FNDA:9,(anonymous_2)
DA:1,3
DA:3,3
DA:4,3
DA:5,3
DA:7,3
DA:8,14
DA:9,14
DA:10,14
DA:11,14
DA:12,14
DA:13,14
DA:16,3
DA:17,9
DA:18,9
DA:19,9
DA:20,9
DA:21,9
DA:22,8
DA:23,8
DA:24,7
LF:20
LH:20
BRDA:4,0,0,3
BRDA:4,0,1,3
BRF:2
BRH:2
end_of_record
TN:
SF:src\utils\httpError.ts
FN:4,(anonymous_0)
FNF:1
FNH:0
FNDA:0,(anonymous_0)
DA:1,1
DA:5,0
DA:6,0
LF:3
LH:1
BRF:0
BRH:0
end_of_record
TN:
SF:src\utils\jwt.ts
FN:11,(anonymous_1)
FN:15,(anonymous_2)
FNF:2
FNH:2
FNDA:16,(anonymous_1)
FNDA:19,(anonymous_2)
DA:1,4
DA:3,4
DA:4,4
DA:11,4
DA:12,16
DA:15,4
DA:16,19
LF:7
LH:7
BRDA:3,0,0,4
BRDA:3,0,1,4
BRDA:4,1,0,4
BRDA:4,1,1,4
BRF:4
BRH:4
end_of_record
